<?xml version="1.0" encoding="UTF-8"?>
<!-- Generated by org.testng.reporters.JUnitReportReporter -->
<testsuite hostname="Mandar-PC" name="com.qa.test.HomePage" tests="1" failures="0" timestamp="20 Sep 2019 05:44:08 GMT" time="10.635" errors="0">
  <testcase name="basicPageNavigation" time="10.635" classname="com.qa.test.HomePage"/>
</testsuite> <!-- com.qa.test.HomePage -->
