<?xml version="1.0" encoding="UTF-8"?>
<!-- Generated by org.testng.reporters.JUnitReportReporter -->
<testsuite hostname="Mandar-PC" name="com.qa.test.HomePage" tests="1" failures="0" timestamp="16 Dec 2019 07:53:10 GMT" time="17.099" errors="0">
  <testcase name="basicPageNavigation" time="17.099" classname="com.qa.test.HomePage"/>
</testsuite> <!-- com.qa.test.HomePage -->
